{"/Users/s2200694/Documents/Tiedostot/BikeApp/BikeApp-Back/index.js": {"path":"/Users/s2200694/Documents/Tiedostot/BikeApp/BikeApp-Back/index.js","statementMap":{"0":{"start":{"line":1,"column":16},"end":{"line":1,"column":34}},"1":{"start":{"line":2,"column":19},"end":{"line":2,"column":41}},"2":{"start":{"line":3,"column":12},"end":{"line":3,"column":21}},"3":{"start":{"line":4,"column":13},"end":{"line":4,"column":28}},"4":{"start":{"line":5,"column":12},"end":{"line":5,"column":43}},"5":{"start":{"line":7,"column":0},"end":{"line":7,"column":16}},"6":{"start":{"line":9,"column":13},"end":{"line":9,"column":31}},"7":{"start":{"line":10,"column":13},"end":{"line":16,"column":2}},"8":{"start":{"line":18,"column":0},"end":{"line":18,"column":27}},"9":{"start":{"line":19,"column":0},"end":{"line":23,"column":2}},"10":{"start":{"line":25,"column":29},"end":{"line":25,"column":31}},"11":{"start":{"line":27,"column":0},"end":{"line":40,"column":3}},"12":{"start":{"line":28,"column":15},"end":{"line":28,"column":48}},"13":{"start":{"line":29,"column":17},"end":{"line":29,"column":50}},"14":{"start":{"line":30,"column":2},"end":{"line":39,"column":4}},"15":{"start":{"line":34,"column":6},"end":{"line":36,"column":7}},"16":{"start":{"line":35,"column":8},"end":{"line":35,"column":20}},"17":{"start":{"line":37,"column":6},"end":{"line":37,"column":45}},"18":{"start":{"line":42,"column":0},"end":{"line":55,"column":3}},"19":{"start":{"line":43,"column":2},"end":{"line":54,"column":4}},"20":{"start":{"line":46,"column":6},"end":{"line":48,"column":7}},"21":{"start":{"line":47,"column":8},"end":{"line":47,"column":20}},"22":{"start":{"line":49,"column":22},"end":{"line":51,"column":7}},"23":{"start":{"line":52,"column":6},"end":{"line":52,"column":43}},"24":{"start":{"line":57,"column":0},"end":{"line":70,"column":3}},"25":{"start":{"line":58,"column":15},"end":{"line":58,"column":48}},"26":{"start":{"line":59,"column":17},"end":{"line":59,"column":50}},"27":{"start":{"line":60,"column":2},"end":{"line":69,"column":4}},"28":{"start":{"line":64,"column":6},"end":{"line":66,"column":7}},"29":{"start":{"line":65,"column":8},"end":{"line":65,"column":20}},"30":{"start":{"line":67,"column":6},"end":{"line":67,"column":45}},"31":{"start":{"line":72,"column":0},"end":{"line":85,"column":3}},"32":{"start":{"line":73,"column":2},"end":{"line":84,"column":4}},"33":{"start":{"line":76,"column":6},"end":{"line":78,"column":7}},"34":{"start":{"line":77,"column":8},"end":{"line":77,"column":20}},"35":{"start":{"line":79,"column":22},"end":{"line":81,"column":7}},"36":{"start":{"line":82,"column":6},"end":{"line":82,"column":43}},"37":{"start":{"line":87,"column":0},"end":{"line":101,"column":3}},"38":{"start":{"line":88,"column":15},"end":{"line":88,"column":48}},"39":{"start":{"line":89,"column":17},"end":{"line":89,"column":50}},"40":{"start":{"line":90,"column":17},"end":{"line":90,"column":43}},"41":{"start":{"line":91,"column":2},"end":{"line":100,"column":4}},"42":{"start":{"line":95,"column":6},"end":{"line":97,"column":7}},"43":{"start":{"line":96,"column":8},"end":{"line":96,"column":20}},"44":{"start":{"line":98,"column":6},"end":{"line":98,"column":45}},"45":{"start":{"line":103,"column":0},"end":{"line":129,"column":3}},"46":{"start":{"line":104,"column":13},"end":{"line":104,"column":37}},"47":{"start":{"line":105,"column":25},"end":{"line":108,"column":3}},"48":{"start":{"line":109,"column":22},"end":{"line":109,"column":49}},"49":{"start":{"line":111,"column":31},"end":{"line":114,"column":3}},"50":{"start":{"line":115,"column":28},"end":{"line":118,"column":3}},"51":{"start":{"line":120,"column":19},"end":{"line":120,"column":38}},"52":{"start":{"line":121,"column":25},"end":{"line":121,"column":59}},"53":{"start":{"line":122,"column":22},"end":{"line":122,"column":53}},"54":{"start":{"line":124,"column":2},"end":{"line":124,"column":24}},"55":{"start":{"line":125,"column":2},"end":{"line":125,"column":30}},"56":{"start":{"line":126,"column":2},"end":{"line":126,"column":27}},"57":{"start":{"line":128,"column":2},"end":{"line":128,"column":71}},"58":{"start":{"line":156,"column":0},"end":{"line":156,"column":21}}},"fnMap":{"0":{"name":"(anonymous_0)","decl":{"start":{"line":27,"column":25},"end":{"line":27,"column":26}},"loc":{"start":{"line":27,"column":48},"end":{"line":40,"column":1}},"line":27},"1":{"name":"(anonymous_1)","decl":{"start":{"line":33,"column":4},"end":{"line":33,"column":5}},"loc":{"start":{"line":33,"column":23},"end":{"line":38,"column":5}},"line":33},"2":{"name":"(anonymous_2)","decl":{"start":{"line":42,"column":29},"end":{"line":42,"column":30}},"loc":{"start":{"line":42,"column":52},"end":{"line":55,"column":1}},"line":42},"3":{"name":"(anonymous_3)","decl":{"start":{"line":45,"column":4},"end":{"line":45,"column":5}},"loc":{"start":{"line":45,"column":23},"end":{"line":53,"column":5}},"line":45},"4":{"name":"(anonymous_4)","decl":{"start":{"line":57,"column":25},"end":{"line":57,"column":26}},"loc":{"start":{"line":57,"column":48},"end":{"line":70,"column":1}},"line":57},"5":{"name":"(anonymous_5)","decl":{"start":{"line":63,"column":4},"end":{"line":63,"column":5}},"loc":{"start":{"line":63,"column":23},"end":{"line":68,"column":5}},"line":63},"6":{"name":"(anonymous_6)","decl":{"start":{"line":72,"column":29},"end":{"line":72,"column":30}},"loc":{"start":{"line":72,"column":52},"end":{"line":85,"column":1}},"line":72},"7":{"name":"(anonymous_7)","decl":{"start":{"line":75,"column":4},"end":{"line":75,"column":5}},"loc":{"start":{"line":75,"column":23},"end":{"line":83,"column":5}},"line":75},"8":{"name":"(anonymous_8)","decl":{"start":{"line":87,"column":36},"end":{"line":87,"column":37}},"loc":{"start":{"line":87,"column":59},"end":{"line":101,"column":1}},"line":87},"9":{"name":"(anonymous_9)","decl":{"start":{"line":94,"column":4},"end":{"line":94,"column":5}},"loc":{"start":{"line":94,"column":23},"end":{"line":99,"column":5}},"line":94},"10":{"name":"(anonymous_10)","decl":{"start":{"line":103,"column":35},"end":{"line":103,"column":36}},"loc":{"start":{"line":103,"column":64},"end":{"line":129,"column":1}},"line":103}},"branchMap":{"0":{"loc":{"start":{"line":28,"column":15},"end":{"line":28,"column":48}},"type":"binary-expr","locations":[{"start":{"line":28,"column":15},"end":{"line":28,"column":43}},{"start":{"line":28,"column":47},"end":{"line":28,"column":48}}],"line":28},"1":{"loc":{"start":{"line":34,"column":6},"end":{"line":36,"column":7}},"type":"if","locations":[{"start":{"line":34,"column":6},"end":{"line":36,"column":7}},{"start":{},"end":{}}],"line":34},"2":{"loc":{"start":{"line":46,"column":6},"end":{"line":48,"column":7}},"type":"if","locations":[{"start":{"line":46,"column":6},"end":{"line":48,"column":7}},{"start":{},"end":{}}],"line":46},"3":{"loc":{"start":{"line":58,"column":15},"end":{"line":58,"column":48}},"type":"binary-expr","locations":[{"start":{"line":58,"column":15},"end":{"line":58,"column":43}},{"start":{"line":58,"column":47},"end":{"line":58,"column":48}}],"line":58},"4":{"loc":{"start":{"line":64,"column":6},"end":{"line":66,"column":7}},"type":"if","locations":[{"start":{"line":64,"column":6},"end":{"line":66,"column":7}},{"start":{},"end":{}}],"line":64},"5":{"loc":{"start":{"line":76,"column":6},"end":{"line":78,"column":7}},"type":"if","locations":[{"start":{"line":76,"column":6},"end":{"line":78,"column":7}},{"start":{},"end":{}}],"line":76},"6":{"loc":{"start":{"line":88,"column":15},"end":{"line":88,"column":48}},"type":"binary-expr","locations":[{"start":{"line":88,"column":15},"end":{"line":88,"column":43}},{"start":{"line":88,"column":47},"end":{"line":88,"column":48}}],"line":88},"7":{"loc":{"start":{"line":95,"column":6},"end":{"line":97,"column":7}},"type":"if","locations":[{"start":{"line":95,"column":6},"end":{"line":97,"column":7}},{"start":{},"end":{}}],"line":95}},"s":{"0":1,"1":1,"2":1,"3":1,"4":1,"5":1,"6":1,"7":1,"8":1,"9":1,"10":1,"11":1,"12":0,"13":0,"14":0,"15":0,"16":0,"17":0,"18":1,"19":0,"20":0,"21":0,"22":0,"23":0,"24":1,"25":0,"26":0,"27":0,"28":0,"29":0,"30":0,"31":1,"32":0,"33":0,"34":0,"35":0,"36":0,"37":1,"38":0,"39":0,"40":0,"41":0,"42":0,"43":0,"44":0,"45":1,"46":0,"47":0,"48":0,"49":0,"50":0,"51":0,"52":0,"53":0,"54":0,"55":0,"56":0,"57":0,"58":1},"f":{"0":0,"1":0,"2":0,"3":0,"4":0,"5":0,"6":0,"7":0,"8":0,"9":0,"10":0},"b":{"0":[0,0],"1":[0,0],"2":[0,0],"3":[0,0],"4":[0,0],"5":[0,0],"6":[0,0],"7":[0,0]},"_coverageSchema":"1a1c01bbd47fc00a2c39e90264f33305004495a9","hash":"5b2b708969ef8ec7adc8cf1adaaa53a0f7142c6d"}
}
